Using device: cuda
Beam type: simply_supported

Data CSVs saved to results/simply_supported/data

============================================================
  Training Model A: Data-Only
============================================================
[Data-Only]  epoch    500  L_D=9.8640e-08  lr=1.00e-03
[Data-Only]  epoch   1000  L_D=9.9109e-08  lr=1.00e-03
[Data-Only]  epoch   1500  L_D=1.0670e-07  lr=1.00e-03
[Data-Only]  epoch   2000  L_D=1.4587e-07  lr=1.00e-03
[Data-Only]  epoch   2500  L_D=4.2699e-07  lr=1.00e-03
[Data-Only]  epoch   3000  L_D=2.6625e-07  lr=1.00e-03
[Data-Only]  epoch   3500  L_D=1.7690e-07  lr=1.00e-03
[Data-Only]  epoch   4000  L_D=7.4149e-07  lr=1.00e-03
[Data-Only]  epoch   4500  L_D=1.0945e-07  lr=1.00e-03
[Data-Only]  epoch   5000  L_D=9.7413e-08  lr=1.00e-03
[Data-Only]  epoch   5500  L_D=3.4579e-07  lr=1.00e-03
[Data-Only]  epoch   6000  L_D=9.3906e-08  lr=1.00e-03
[Data-Only]  epoch   6500  L_D=9.3394e-08  lr=1.00e-03
[Data-Only]  epoch   7000  L_D=9.6309e-08  lr=1.00e-03
[Data-Only]  epoch   7500  L_D=9.2735e-08  lr=1.00e-03
[Data-Only]  epoch   8000  L_D=9.5920e-08  lr=1.00e-03
[Data-Only]  epoch   8500  L_D=9.2359e-08  lr=1.00e-03
[Data-Only]  epoch   9000  L_D=4.1188e-07  lr=1.00e-03
[Data-Only]  epoch   9500  L_D=9.2068e-08  lr=1.00e-03
[Data-Only]  epoch  10000  L_D=9.1812e-08  lr=1.00e-03
[Data-Only]  epoch  10500  L_D=9.1678e-08  lr=1.00e-03
[Data-Only]  epoch  11000  L_D=9.1354e-08  lr=1.00e-03
[Data-Only]  epoch  11500  L_D=9.1249e-08  lr=1.00e-03
[Data-Only]  epoch  12000  L_D=2.3577e-07  lr=1.00e-03
[Data-Only]  epoch  12500  L_D=9.0650e-08  lr=1.00e-03
[Data-Only]  epoch  13000  L_D=9.0552e-08  lr=1.00e-03
[Data-Only]  epoch  13500  L_D=4.2866e-07  lr=1.00e-03
[Data-Only]  epoch  14000  L_D=9.0108e-08  lr=1.00e-03
[Data-Only]  epoch  14500  L_D=9.9053e-08  lr=1.00e-03
[Data-Only]  epoch  15000  L_D=8.9849e-08  lr=1.00e-03

============================================================
  Training Model B: Physics-Only Mixed-PINN
============================================================
[Physics-Only]  epoch    500  total=1.6873e+03  L_Om=1.5565e+01  L_Up=1.1664e+03  L_Ga=1.0108e+00  lr=1.00e-03
[Physics-Only]  epoch   1000  total=5.4811e+02  L_Om=7.9474e+00  L_Up=1.8181e+01  L_Ga=1.0440e+00  lr=1.00e-03
[Physics-Only]  epoch   1500  total=3.0252e+02  L_Om=5.1221e+00  L_Up=2.1986e+01  L_Ga=5.5083e-01  lr=1.00e-03
[Physics-Only]  epoch   2000  total=1.0467e+03  L_Om=1.3851e+01  L_Up=3.4335e+00  L_Ga=2.0588e+00  lr=1.00e-03
[Physics-Only]  epoch   2500  total=8.9943e+02  L_Om=1.2796e+01  L_Up=2.7886e+00  L_Ga=1.7677e+00  lr=1.00e-03
[Physics-Only]  epoch   3000  total=4.8320e+02  L_Om=4.3023e+00  L_Up=3.4091e+00  L_Ga=9.5098e-01  lr=1.00e-03
[Physics-Only]  epoch   3500  total=3.2499e+02  L_Om=1.3067e+01  L_Up=3.0260e+00  L_Ga=6.1779e-01  lr=1.00e-03
[Physics-Only]  epoch   4000  total=1.8357e+02  L_Om=3.0513e+00  L_Up=2.3324e+00  L_Ga=3.5638e-01  lr=5.00e-04
[Physics-Only]  epoch   4500  total=7.4320e+02  L_Om=1.7485e+01  L_Up=3.7183e+00  L_Ga=1.4440e+00  lr=5.00e-04
[Physics-Only]  epoch   5000  total=6.2137e+01  L_Om=1.3230e+00  L_Up=2.6799e+00  L_Ga=1.1627e-01  lr=5.00e-04
[Physics-Only]  epoch   5500  total=6.6143e+01  L_Om=1.2631e+00  L_Up=2.1204e+00  L_Ga=1.2552e-01  lr=5.00e-04
[Physics-Only]  epoch   6000  total=1.3756e+01  L_Om=7.5785e-01  L_Up=1.6158e+00  L_Ga=2.2765e-02  lr=2.50e-04
[Physics-Only]  epoch   6500  total=2.4982e+01  L_Om=8.3870e-01  L_Up=1.2183e+00  L_Ga=4.5849e-02  lr=2.50e-04
[Physics-Only]  epoch   7000  total=8.5023e+00  L_Om=6.4232e-01  L_Up=1.0079e+00  L_Ga=1.3704e-02  lr=2.50e-04
[Physics-Only]  epoch   7500  total=2.0356e+01  L_Om=7.5795e-01  L_Up=7.3293e-01  L_Ga=3.7730e-02  lr=2.50e-04
[Physics-Only]  epoch   8000  total=6.0201e+00  L_Om=4.9534e-01  L_Up=4.7777e-01  L_Ga=1.0094e-02  lr=1.25e-04
[Physics-Only]  epoch   8500  total=8.5752e+00  L_Om=4.8293e-01  L_Up=3.5959e-01  L_Ga=1.5465e-02  lr=1.25e-04
[Physics-Only]  epoch   9000  total=1.0707e+01  L_Om=5.1678e-01  L_Up=2.5298e-01  L_Ga=1.9875e-02  lr=1.25e-04
[Physics-Only]  epoch   9500  total=4.6794e+00  L_Om=3.7660e-01  L_Up=1.6039e-01  L_Ga=8.2849e-03  lr=1.25e-04
[Physics-Only]  epoch  10000  total=1.8061e+00  L_Om=3.3726e-01  L_Up=9.4550e-02  L_Ga=2.7486e-03  lr=6.25e-05
[Physics-Only]  epoch  10500  total=1.7364e+00  L_Om=3.1837e-01  L_Up=7.2607e-02  L_Ga=2.6908e-03  lr=6.25e-05
[Physics-Only]  epoch  11000  total=9.0329e-01  L_Om=2.9167e-01  L_Up=2.0234e-02  L_Ga=1.1828e-03  lr=6.25e-05
[Physics-Only]  epoch  11500  total=1.5004e+00  L_Om=2.7450e-01  L_Up=2.6802e-02  L_Ga=2.3981e-03  lr=6.25e-05
[Physics-Only]  epoch  12000  total=1.0975e+01  L_Om=3.3007e-01  L_Up=3.6028e-02  L_Ga=2.1218e-02  lr=6.25e-05
[Physics-Only]  epoch  12500  total=1.8286e+00  L_Om=2.5172e-01  L_Up=3.5597e-02  L_Ga=3.0826e-03  lr=6.25e-05
[Physics-Only]  epoch  13000  total=2.2189e+00  L_Om=2.9816e-01  L_Up=6.4474e-03  L_Ga=3.8285e-03  lr=6.25e-05
[Physics-Only]  epoch  13500  total=2.0115e+00  L_Om=2.0795e-01  L_Up=4.4165e-03  L_Ga=3.5983e-03  lr=6.25e-05
[Physics-Only]  epoch  14000  total=2.6434e+00  L_Om=2.0206e-01  L_Up=1.5053e-02  L_Ga=4.8527e-03  lr=6.25e-05
[Physics-Only]  epoch  14500  total=2.2188e+00  L_Om=1.8763e-01  L_Up=3.3013e-02  L_Ga=3.9964e-03  lr=6.25e-05
[Physics-Only]  epoch  15000  total=1.7699e+00  L_Om=1.7443e-01  L_Up=3.0350e-02  L_Ga=3.1302e-03  lr=6.25e-05

============================================================
  Training Model C: Hybrid Mixed-PINN
============================================================
[Hybrid]  epoch    500  total=1.6949e+04  L_Om=2.8104e+02  L_Up=1.3498e+03  L_Ga=3.0636e+01  L_D=1.8583e-05  lr=1.00e-03
[Hybrid]  epoch   1000  total=1.2074e+04  L_Om=6.4223e+01  L_Up=1.7976e+01  L_Ga=2.3984e+01  L_D=2.3948e-03  lr=1.00e-03
[Hybrid]  epoch   1500  total=1.2106e+04  L_Om=1.8440e+02  L_Up=1.7487e+01  L_Ga=2.3809e+01  L_D=1.7701e-04  lr=1.00e-03
[Hybrid]  epoch   2000  total=6.7362e+03  L_Om=5.9184e+01  L_Up=7.4689e+01  L_Ga=1.3205e+01  L_D=2.2842e-05  lr=1.00e-03
[Hybrid]  epoch   2500  total=3.2699e+03  L_Om=6.3576e+01  L_Up=1.3945e+01  L_Ga=6.3847e+00  L_D=1.5638e-05  lr=1.00e-03
[Hybrid]  epoch   3000  total=5.5141e+03  L_Om=1.4277e+02  L_Up=2.1315e+01  L_Ga=1.0700e+01  L_D=8.3516e-06  lr=1.00e-03
[Hybrid]  epoch   3500  total=1.0730e+03  L_Om=3.2962e+01  L_Up=8.6534e+00  L_Ga=2.0627e+00  L_D=5.6717e-06  lr=5.00e-04
[Hybrid]  epoch   4000  total=7.9634e+02  L_Om=1.9862e+01  L_Up=7.7251e+00  L_Ga=1.5375e+00  L_D=1.9390e-06  lr=5.00e-04
[Hybrid]  epoch   4500  total=1.8653e+03  L_Om=2.8382e+01  L_Up=1.3352e+01  L_Ga=3.6470e+00  L_D=1.5227e-07  lr=5.00e-04
[Hybrid]  epoch   5000  total=1.0578e+03  L_Om=1.2813e+01  L_Up=7.7934e+00  L_Ga=2.0743e+00  L_D=2.8996e-07  lr=5.00e-04
[Hybrid]  epoch   5500  total=1.5884e+02  L_Om=6.8505e+00  L_Up=4.2864e+00  L_Ga=2.9541e-01  L_D=6.2741e-07  lr=2.50e-04
[Hybrid]  epoch   6000  total=1.2228e+02  L_Om=5.0522e+00  L_Up=4.1032e+00  L_Ga=2.2624e-01  L_D=1.6812e-06  lr=2.50e-04
[Hybrid]  epoch   6500  total=1.7122e+02  L_Om=4.2664e+00  L_Up=6.6592e+01  L_Ga=2.0073e-01  L_D=1.4963e-06  lr=2.50e-04
[Hybrid]  epoch   7000  total=8.7566e+01  L_Om=3.4559e+00  L_Up=3.4782e+00  L_Ga=1.6126e-01  L_D=1.7533e-06  lr=2.50e-04
[Hybrid]  epoch   7500  total=9.7955e+01  L_Om=3.0792e+00  L_Up=3.0061e+00  L_Ga=1.8374e-01  L_D=1.4423e-06  lr=2.50e-04
[Hybrid]  epoch   8000  total=1.1389e+02  L_Om=2.8079e+00  L_Up=2.5864e+00  L_Ga=2.1699e-01  L_D=9.5819e-07  lr=2.50e-04
[Hybrid]  epoch   8500  total=3.1350e+01  L_Om=2.2012e+00  L_Up=2.3465e+00  L_Ga=5.3605e-02  L_D=5.7461e-07  lr=1.25e-04
[Hybrid]  epoch   9000  total=3.6351e+01  L_Om=1.8691e+00  L_Up=2.1490e+00  L_Ga=6.4667e-02  L_D=4.1065e-07  lr=1.25e-04
[Hybrid]  epoch   9500  total=3.4190e+01  L_Om=1.5883e+00  L_Up=1.9823e+00  L_Ga=6.1238e-02  L_D=4.3268e-07  lr=1.25e-04
[Hybrid]  epoch  10000  total=1.7786e+01  L_Om=1.3072e+00  L_Up=1.8980e+00  L_Ga=2.9161e-02  L_D=3.7368e-07  lr=1.25e-04
[Hybrid]  epoch  10500  total=1.0968e+01  L_Om=1.1270e+00  L_Up=1.7339e+00  L_Ga=1.6215e-02  L_D=2.2710e-07  lr=6.25e-05
[Hybrid]  epoch  11000  total=9.2195e+00  L_Om=9.6873e-01  L_Up=1.5925e+00  L_Ga=1.3317e-02  L_D=1.6655e-07  lr=6.25e-05
[Hybrid]  epoch  11500  total=8.6516e+00  L_Om=8.3655e-01  L_Up=1.4377e+00  L_Ga=1.2755e-02  L_D=1.2410e-07  lr=6.25e-05
[Hybrid]  epoch  12000  total=1.0780e+01  L_Om=7.2793e-01  L_Up=1.2948e+00  L_Ga=1.7515e-02  L_D=1.0057e-07  lr=6.25e-05
[Hybrid]  epoch  12500  total=7.3568e+00  L_Om=6.2586e-01  L_Up=1.1564e+00  L_Ga=1.1149e-02  L_D=9.4403e-08  lr=6.25e-05
[Hybrid]  epoch  13000  total=6.4898e+00  L_Om=5.5335e-01  L_Up=1.0354e+00  L_Ga=9.8020e-03  L_D=1.0275e-07  lr=6.25e-05
[Hybrid]  epoch  13500  total=6.1236e+00  L_Om=4.9627e-01  L_Up=9.3584e-01  L_Ga=9.3829e-03  L_D=1.0815e-07  lr=6.25e-05
[Hybrid]  epoch  14000  total=5.6728e+00  L_Om=4.4776e-01  L_Up=8.3189e-01  L_Ga=8.7863e-03  L_D=1.0910e-07  lr=6.25e-05
[Hybrid]  epoch  14500  total=1.7427e+00  L_Om=4.0198e-01  L_Up=9.2736e-01  L_Ga=8.2664e-04  L_D=1.0624e-07  lr=3.13e-05
[Hybrid]  epoch  15000  total=1.9276e+00  L_Om=3.7240e-01  L_Up=7.1744e-01  L_Ga=1.6756e-03  L_D=9.9969e-08  lr=3.13e-05

Model weights saved to results/simply_supported/models

============================================================
  Metrics
============================================================
=======================================================================
  Beam type: SIMPLY_SUPPORTED
=======================================================================

Model                            MSE     Rel. L² Error     Max |Error|
-----------------------------------------------------------------------
Data-Only                 1.3495e-08        2.1997e-02      3.1280e-04
Physics-Only              9.8620e-10        5.9465e-03      5.4566e-05
Hybrid                    1.2854e-10        2.1469e-03      1.8824e-05
=======================================================================

Generating plots ...
Saved: results/simply_supported/plots/deflection_comparison.png
Saved: results/simply_supported/plots/moment_comparison.png
Saved: results/simply_supported/plots/pointwise_error.png
Saved: results/simply_supported/plots/convergence.png
Saved: results/simply_supported/plots/individual_losses_hybrid.png
Done.
